<?xml version="1.0" encoding="UTF-8" ?>
<testsuite tests="20" failures="0" name="java_cucumber.RunCucumberTest" time="42.061" errors="0" skipped="4">
  <properties>
[...]
</properties>
  <testcase classname="Crosstesting" name="Encoding" time="1.274"/>
  <testcase classname="Crosstesting" name="Send a transaction" time="0.948"/>
  <testcase classname="Key" name="Generate and delete key" time="0.712"/>
  <testcase classname="Key" name="Import and export key" time="0.679">
    <skipped/>
  </testcase>
  <testcase classname="Key" name="Sign transaction" time="0.719"/>
  <testcase classname="Key" name="Sign both ways" time="0.73"/>
  <testcase classname="Key" name="Sign both ways" time="0.892"/>
  <testcase classname="Multisig" name="Import and export multisig" time="0.722">
    <skipped/>
  </testcase>
  <testcase classname="Multisig" name="Sign multisig" time="0.778"/>
  <testcase classname="Multisig" name="Sign both ways" time="0.732">
    <skipped/>
  </testcase>
  <testcase classname="Multisig" name="Sign both ways" time="0.705">
    <skipped/>
  </testcase>
  <testcase classname="Multisig" name="Multisig address" time="1.005"/>
  <testcase classname="Sanity" name="Versions" time="0.003"/>
  <testcase classname="Sanity" name="Status check" time="4.012"/>
  <testcase classname="Sending transactions" name="Sending transactions" time="10.595"/>
  <testcase classname="Sending transactions" name="Sending transactions" time="12.112"/>
  <testcase classname="Sending transactions" name="Sending multisig transactions" time="0.684"/>
  <testcase classname="Sending transactions" name="Sending multisig transactions" time="0.747"/>
  <testcase classname="Wallet" name="Create and rename wallet" time="2.607"/>
  <testcase classname="Wallet" name="Wallet handle" time="1.405"/>
</testsuite>